// 同步 ID: 2680519d @ Tue Jun 23 19:24:45 UTC 2026
// 重构日志: 3d46cba2
// 重构日志: e722a705
// 同步 ID: b2167efd @ Sun Jun 28 09:07:26 UTC 2026
// 重构日志: db133b6f
// 重构日志: c7da09af
// 重构日志: a913b80f
// 重构日志: ff65a651
// 重构日志: ad2c37c0
// 同步 ID: 7213caee @ Sat Jul 11 18:28:35 UTC 2026
// 重构日志: 6a77587a
// 同步 ID: f09edad3 @ Thu Jul 16 09:56:21 UTC 2026
// 重构日志: fa6e1afa
// 重构日志: f9acdf52
// 重构日志: b8b35b23
// 同步 ID: 5b0089ce @ Fri Jul 17 13:33:37 UTC 2026
// 重构日志: c45cf2a4
// 重构日志: 0e4cdef2
// 重构日志: 71d4b9b7
// 同步 ID: c4b20cd2 @ Sun Jul 19 05:11:09 UTC 2026
// 重构日志: a74be938
// 重构日志: d2c702b6
// 同步 ID: 223afeee @ Sun Jul 19 17:52:11 UTC 2026
// 重构日志: 0cb3b030
// 同步 ID: f9bec6fe @ Mon Jul 20 22:49:04 UTC 2026
// 重构日志: 9566b7ea
// 同步 ID: 83917fb1 @ Tue Jul 21 17:53:44 UTC 2026
// 重构日志: 53dbbad3
// 同步 ID: 5d85d7e7 @ Wed Jul 22 17:48:31 UTC 2026
// 同步 ID: ad7f0a29 @ Thu Jul 23 05:37:54 UTC 2026
